<?xml version="1.0" encoding="UTF-8"?>
<!-- Generated by org.testng.reporters.JUnitXMLReporter -->
<testsuite ignored="0" hostname="Ashwins-MacBook-Air.local" failures="1" tests="1" name="TestonChrome" time="11.004" errors="0" timestamp="2025-06-29T19:21:37 IST">
  <testcase classname="com.ash.tests.AdminCreation" name="Admin" time="1.064">
    <failure type="java.lang.NullPointerException" message="Cannot invoke &amp;quot;org.openqa.selenium.TakesScreenshot.getScreenshotAs(org.openqa.selenium.OutputType)&amp;quot; because &amp;quot;driver&amp;quot; is null">
      <![CDATA[java.lang.NullPointerException: Cannot invoke "org.openqa.selenium.TakesScreenshot.getScreenshotAs(org.openqa.selenium.OutputType)" because "driver" is null
at com.ash.utils.ScreenshotUtil.captureScreenshotToFile(ScreenshotUtil.java:19)
at com.ash.base.BaseTest.logStep(BaseTest.java:67)
at com.ash.pages.LoginPage.enterusername(LoginPage.java:25)
at com.ash.tests.AdminCreation.Admin(AdminCreation.java:15)
at java.base/java.util.ArrayList.forEach(ArrayList.java:1596)
at java.base/java.util.concurrent.FutureTask.run(FutureTask.java:317)
at java.base/java.util.concurrent.ThreadPoolExecutor.runWorker(ThreadPoolExecutor.java:1144)
at java.base/java.util.concurrent.ThreadPoolExecutor$Worker.run(ThreadPoolExecutor.java:642)
at java.base/java.lang.Thread.run(Thread.java:1583)
... Removed 15 stack frames]]>
    </failure>
  </testcase> <!-- Admin -->
</testsuite> <!-- TestonChrome -->
