<?xml version="1.0" encoding="UTF-8"?>
<testng-results ignored="0" total="1" passed="0" failed="1" skipped="0">
  <reporter-output>
  </reporter-output>
  <suite started-at="2025-07-25T13:02:20 IST" name="Suite" finished-at="2025-07-25T13:02:33 IST" duration-ms="12634">
    <groups>
    </groups>
    <test started-at="2025-07-25T13:02:20 IST" name="TestonChrome" finished-at="2025-07-25T13:02:33 IST" duration-ms="12634">
      <class name="com.ash.tests.AdminCreation">
        <test-method is-config="true" signature="getInstance()[pri:0, instance:com.ash.tests.AdminCreation@6aaceffd]" started-at="2025-07-25T13:02:20 IST" name="getInstance" finished-at="2025-07-25T13:02:21 IST" duration-ms="256" status="PASS">
          <reporter-output>
          </reporter-output>
        </test-method> <!-- getInstance -->
        <test-method is-config="true" signature="launchBrowser(java.lang.String)[pri:0, instance:com.ash.tests.AdminCreation@6aaceffd]" started-at="2025-07-25T13:02:21 IST" name="launchBrowser" finished-at="2025-07-25T13:02:32 IST" duration-ms="11244" status="PASS">
          <params>
            <param index="0">
              <value>
                <![CDATA[chrome]]>
              </value>
            </param>
          </params>
          <reporter-output>
          </reporter-output>
        </test-method> <!-- launchBrowser -->
        <test-method signature="Admin()[pri:0, instance:com.ash.tests.AdminCreation@6aaceffd]" started-at="2025-07-25T13:02:32 IST" name="Admin" finished-at="2025-07-25T13:02:33 IST" duration-ms="1102" status="FAIL">
          <exception class="java.lang.NullPointerException">
            <message>
              <![CDATA[Cannot invoke "org.openqa.selenium.TakesScreenshot.getScreenshotAs(org.openqa.selenium.OutputType)" because "driver" is null]]>
            </message>
            <full-stacktrace>
              <![CDATA[java.lang.NullPointerException: Cannot invoke "org.openqa.selenium.TakesScreenshot.getScreenshotAs(org.openqa.selenium.OutputType)" because "driver" is null
at com.ash.utils.ScreenshotUtil.captureScreenshotToFile(ScreenshotUtil.java:19)
at com.ash.base.BaseTest.logStep(BaseTest.java:67)
at com.ash.pages.LoginPage.enterusername(LoginPage.java:25)
at com.ash.tests.AdminCreation.Admin(AdminCreation.java:15)
at java.base/jdk.internal.reflect.DirectMethodHandleAccessor.invoke(DirectMethodHandleAccessor.java:103)
at java.base/java.lang.reflect.Method.invoke(Method.java:580)
at org.testng.internal.invokers.MethodInvocationHelper.invokeMethod(MethodInvocationHelper.java:141)
at org.testng.internal.invokers.TestInvoker.invokeMethod(TestInvoker.java:687)
at org.testng.internal.invokers.TestInvoker.invokeTestMethod(TestInvoker.java:230)
at org.testng.internal.invokers.MethodRunner.runInSequence(MethodRunner.java:63)
at org.testng.internal.invokers.TestInvoker$MethodInvocationAgent.invoke(TestInvoker.java:995)
at org.testng.internal.invokers.TestInvoker.invokeTestMethods(TestInvoker.java:203)
at org.testng.internal.invokers.TestMethodWorker.invokeTestMethods(TestMethodWorker.java:154)
at org.testng.internal.invokers.TestMethodWorker.run(TestMethodWorker.java:134)
at java.base/java.util.ArrayList.forEach(ArrayList.java:1596)
at org.testng.TestRunner.privateRun(TestRunner.java:741)
at org.testng.TestRunner.run(TestRunner.java:616)
at org.testng.SuiteRunner.runTest(SuiteRunner.java:421)
at org.testng.SuiteRunner$SuiteWorker.run(SuiteRunner.java:463)
at org.testng.internal.thread.ThreadUtil.lambda$execute$0(ThreadUtil.java:64)
at java.base/java.util.concurrent.FutureTask.run(FutureTask.java:317)
at java.base/java.util.concurrent.ThreadPoolExecutor.runWorker(ThreadPoolExecutor.java:1144)
at java.base/java.util.concurrent.ThreadPoolExecutor$Worker.run(ThreadPoolExecutor.java:642)
at java.base/java.lang.Thread.run(Thread.java:1583)
]]>
            </full-stacktrace>
          </exception> <!-- java.lang.NullPointerException -->
          <reporter-output>
          </reporter-output>
        </test-method> <!-- Admin -->
      </class> <!-- com.ash.tests.AdminCreation -->
    </test> <!-- TestonChrome -->
  </suite> <!-- Suite -->
</testng-results>
